<?xml version="1.0" encoding="UTF-8"?>
<testsuite name="CalculatorTest" tests="23" skipped="0" failures="0" errors="0" timestamp="2020-05-05T19:04:09" hostname="puri-IdeaPadS340" time="0.269">
  <properties/>
  <testcase name="constructor()" classname="CalculatorTest" time="0.017"/>
  <testcase name="addInt(ArgumentsAccessor)[1]" classname="CalculatorTest" time="0.038"/>
  <testcase name="addInt(ArgumentsAccessor)[2]" classname="CalculatorTest" time="0.002"/>
  <testcase name="addInt(ArgumentsAccessor)[3]" classname="CalculatorTest" time="0.001"/>
  <testcase name="addInt(ArgumentsAccessor)[4]" classname="CalculatorTest" time="0.001"/>
  <testcase name="addInt(ArgumentsAccessor)[5]" classname="CalculatorTest" time="0.001"/>
  <testcase name="addInt(ArgumentsAccessor)[6]" classname="CalculatorTest" time="0.001"/>
  <testcase name="addInt(ArgumentsAccessor)[7]" classname="CalculatorTest" time="0.002"/>
  <testcase name="addInt(ArgumentsAccessor)[8]" classname="CalculatorTest" time="0.001"/>
  <testcase name="shouldTakeUserInput(ArgumentsAccessor)[1]" classname="CalculatorTest" time="0.017"/>
  <testcase name="shouldTakeUserInput(ArgumentsAccessor)[2]" classname="CalculatorTest" time="0.003"/>
  <testcase name="shouldTakeUserInput(ArgumentsAccessor)[3]" classname="CalculatorTest" time="0.002"/>
  <testcase name="shouldTakeUserInput(ArgumentsAccessor)[4]" classname="CalculatorTest" time="0.002"/>
  <testcase name="shouldTakeUserInput(ArgumentsAccessor)[5]" classname="CalculatorTest" time="0.002"/>
  <testcase name="subDouble()" classname="CalculatorTest" time="0.002"/>
  <testcase name="multiDouble()" classname="CalculatorTest" time="0.001"/>
  <testcase name="addDouble()" classname="CalculatorTest" time="0.001"/>
  <testcase name="schoulThrowError(ArgumentsAccessor)[1]" classname="CalculatorTest" time="0.002"/>
  <testcase name="schoulThrowError(ArgumentsAccessor)[2]" classname="CalculatorTest" time="0.001"/>
  <testcase name="schoulThrowError(ArgumentsAccessor)[3]" classname="CalculatorTest" time="0.001"/>
  <testcase name="schoulThrowErrorOutOfBounce(ArgumentsAccessor)[1]" classname="CalculatorTest" time="0.002"/>
  <testcase name="schoulThrowErrorOutOfBounce(ArgumentsAccessor)[2]" classname="CalculatorTest" time="0.002"/>
  <testcase name="divDouble()" classname="CalculatorTest" time="0.006"/>
  <system-out><![CDATA[Bitte geben Sie ein String in form von '1+2' an:
Bitte geben Sie ein String in form von '1+2' an:
Bitte geben Sie ein String in form von '1+2' an:
Bitte geben Sie ein String in form von '1+2' an:
Bitte geben Sie ein String in form von '1+2' an:
Bitte geben Sie ein String in form von '1+2' an:
Bitte geben Sie ein String in form von '1+2' an:
Bitte geben Sie ein String in form von '1+2' an:
Bitte geben Sie ein String in form von '1+2' an:
Bitte geben Sie ein String in form von '1+2' an:
]]></system-out>
  <system-err><![CDATA[]]></system-err>
</testsuite>
